<?xml version="1.0" encoding="UTF-8"?>
<!-- Generated by org.testng.reporters.JUnitReportReporter -->
<testsuite hostname="Amit" failures="0" tests="1" name="QK2.RestAssured.SimpleGetTest" time="2.640" errors="0" timestamp="2021-06-07T10:22:56 IST" skipped="0">
  <testcase classname="QK2.RestAssured.SimpleGetTest" name="GetWeatherDetails" time="2.640"/>
  <system-out/>
</testsuite> <!-- QK2.RestAssured.SimpleGetTest -->
